\BOOKMARK [0][-]{section*.1}{\376\377\000D\000e\000c\000l\000a\000r\000a\000t\000i\000o\000n\000\040\000o\000f\000\040\000A\000u\000t\000h\000o\000r\000s\000h\000i\000p}{}% 1
\BOOKMARK [0][-]{section*.2}{\376\377\000E\000t\000h\000i\000c\000s\000\040\000s\000t\000a\000t\000e\000m\000e\000n\000t}{}% 2
\BOOKMARK [0][-]{section*.3}{\376\377\000A\000b\000s\000t\000r\000a\000c\000t}{}% 3
\BOOKMARK [0][-]{section*.4}{\376\377\000A\000c\000k\000n\000o\000w\000l\000e\000d\000g\000e\000m\000e\000n\000t\000s}{}% 4
\BOOKMARK [0][-]{section*.5}{\376\377\000P\000r\000e\000f\000a\000c\000e}{}% 5
\BOOKMARK [0][-]{section*.5}{\376\377\000P\000r\000e\000f\000a\000c\000e}{}% 6
\BOOKMARK [0][-]{chapter.16}{\376\377\000I\000n\000t\000r\000o\000d\000u\000c\000t\000i\000o\000n\000:\000\040\000C\000l\000i\000m\000a\000t\000e\000,\000\040\000f\000u\000e\000l\000,\000\040\000a\000n\000d\000\040\000b\000i\000o\000d\000i\000e\000s\000e\000l}{}% 7
\BOOKMARK [1][-]{section.17}{\376\377\000E\000n\000e\000r\000g\000y\000,\000\040\000f\000u\000e\000l\000\040\000a\000n\000d\000\040\000t\000h\000e\000\040\000a\000t\000m\000o\000s\000p\000h\000e\000r\000e}{chapter.16}% 8
\BOOKMARK [1][-]{section.22}{\376\377\000C\000a\000r\000b\000o\000n\000\040\000f\000o\000o\000t\000p\000r\000i\000n\000t\000s\000\040\000a\000n\000d\000\040\000c\000a\000r\000b\000o\000n\000\040\000n\000e\000u\000t\000r\000a\000l\000i\000t\000y}{chapter.16}% 9
\BOOKMARK [1][-]{section.23}{\376\377\000I\000n\000t\000e\000r\000n\000a\000l\000\040\000c\000o\000m\000b\000u\000s\000t\000i\000o\000n\000\040\000e\000n\000g\000i\000n\000e\000s\000.}{chapter.16}% 10
\BOOKMARK [2][-]{subsection.25}{\376\377\000S\000c\000a\000l\000i\000n\000g\000\040\000a\000n\000d\000\040\000e\000f\000f\000i\000c\000i\000e\000n\000c\000y}{section.23}% 11
\BOOKMARK [2][-]{subsection.29}{\376\377\000E\000n\000g\000i\000n\000e\000\040\000d\000e\000s\000i\000g\000n\000\040\000a\000n\000d\000\040\000t\000h\000e\000r\000m\000o\000d\000y\000n\000a\000m\000i\000c\000\040\000c\000y\000c\000l\000e\000s\000.}{section.23}% 12
\BOOKMARK [3][-]{section*.32}{\376\377\000O\000t\000t\000o\000\040\000e\000n\000g\000i\000n\000e\000\040\000a\000n\000d\000\040\000O\000t\000t\000o\000\040\000c\000y\000c\000l\000e}{subsection.29}% 13
\BOOKMARK [3][-]{section*.35}{\376\377\000D\000i\000e\000s\000e\000l\000\040\000C\000y\000c\000l\000e}{subsection.29}% 14
\BOOKMARK [3][-]{section*.38}{\376\377\000G\000a\000s\000\040\000t\000u\000r\000b\000i\000n\000e\000s\000\040\000a\000n\000d\000\040\000t\000h\000e\000\040\000B\000r\000a\000y\000t\000o\000n\000\040\000C\000y\000c\000l\000e}{subsection.29}% 15
\BOOKMARK [2][-]{subsection.41}{\376\377\000N\000o\000x\000i\000o\000u\000s\000\040\000p\000o\000l\000l\000u\000t\000i\000o\000n\000\040\000f\000r\000o\000m\000\040\000i\000n\000t\000e\000r\000n\000a\000l\000\040\000c\000o\000m\000b\000u\000s\000t\000i\000o\000n\000\040\000e\000n\000g\000i\000n\000e\000s\000.\000\040}{section.23}% 16
\BOOKMARK [3][-]{section*.42}{\376\377\000U\000n\000b\000u\000r\000n\000t\000\040\000f\000u\000e\000l}{subsection.41}% 17
\BOOKMARK [3][-]{section*.43}{\376\377\000C\000o\000n\000t\000a\000m\000i\000n\000a\000n\000t\000s\000\040\000a\000n\000d\000\040\000a\000d\000d\000i\000t\000i\000v\000e\000s\000.}{subsection.41}% 18
\BOOKMARK [3][-]{section*.44}{\376\377\000S\000i\000d\000e\000-\000r\000e\000a\000c\000t\000i\000o\000n\000s}{subsection.41}% 19
\BOOKMARK [2][-]{subsection.45}{\376\377\000M\000i\000t\000i\000g\000a\000t\000i\000n\000g\000\040\000p\000o\000l\000l\000u\000t\000i\000o\000n\000\040\000f\000r\000o\000m\000\040\000i\000n\000t\000e\000r\000n\000a\000l\000-\000c\000o\000m\000b\000u\000s\000t\000i\000o\000n\000\040\000e\000n\000g\000i\000n\000e\000s\000.}{section.23}% 20
\BOOKMARK [3][-]{section*.46}{\376\377\000F\000u\000e\000l\000\040\000f\000o\000r\000m\000u\000l\000a\000t\000i\000o\000n}{subsection.45}% 21
\BOOKMARK [3][-]{section*.47}{\376\377\000E\000x\000h\000a\000u\000s\000t\000\040\000g\000a\000s\000\040\000c\000l\000e\000a\000n\000u\000p}{subsection.45}% 22
\BOOKMARK [3][-]{section*.48}{\376\377\000E\000n\000g\000i\000n\000e\000\040\000m\000a\000n\000a\000g\000e\000m\000e\000n\000t}{subsection.45}% 23
\BOOKMARK [3][-]{section*.49}{\376\377\000E\000f\000f\000i\000c\000i\000e\000n\000c\000y\000\040\000i\000m\000p\000l\000i\000c\000a\000t\000i\000o\000n\000s}{subsection.45}% 24
\BOOKMARK [2][-]{subsection.50}{\376\377\000A\000v\000o\000i\000d\000i\000n\000g\000\040\000p\000o\000l\000l\000u\000t\000i\000o\000n\000\040\000f\000r\000o\000m\000\040\000i\000n\000t\000e\000r\000n\000a\000l\000-\000c\000o\000m\000b\000u\000s\000t\000i\000o\000n\000\040\000e\000n\000g\000i\000n\000e\000s}{section.23}% 25
\BOOKMARK [3][-]{section*.51}{\376\377\000E\000l\000e\000c\000t\000r\000i\000f\000i\000c\000a\000t\000i\000o\000n}{subsection.50}% 26
\BOOKMARK [3][-]{section*.52}{\376\377\000C\000a\000r\000b\000o\000n\000-\000n\000e\000u\000t\000r\000a\000l\000\040\000f\000u\000e\000l\000s}{subsection.50}% 27
\BOOKMARK [1][-]{section.53}{\376\377\000B\000i\000o\000f\000u\000e\000l\000s}{chapter.16}% 28
\BOOKMARK [2][-]{subsection.54}{\376\377\000B\000i\000o\000-\000g\000a\000s}{section.53}% 29
\BOOKMARK [2][-]{subsection.55}{\376\377\000B\000i\000o\000-\000e\000t\000h\000a\000n\000o\000l}{section.53}% 30
\BOOKMARK [3][-]{section*.59}{\376\377\000B\000r\000a\000z\000i\000l\000i\000a\000n\000\040\000e\000t\000h\000a\000n\000o\000l}{subsection.55}% 31
\BOOKMARK [3][-]{section*.60}{\376\377\000U\000S\000\040\000m\000a\000i\000z\000e}{subsection.55}% 32
\BOOKMARK [2][-]{subsection.61}{\376\377\000F\000i\000s\000c\000h\000e\000r\000-\000T\000r\000o\000p\000s\000c\000h\000\040\000f\000u\000e\000l\000\040\000f\000r\000o\000m\000\040\000b\000i\000o\000m\000a\000s\000s}{section.53}% 33
\BOOKMARK [2][-]{subsection.62}{\376\377\000H\000y\000d\000r\000o\000t\000r\000e\000a\000t\000e\000d\000\040\000v\000e\000g\000e\000t\000a\000b\000l\000e\000\040\000o\000i\000l\000:\000\040\000`\000`\000G\000r\000e\000e\000n\000\040\000d\000i\000e\000s\000e\000l\000'\000'}{section.53}% 34
\BOOKMARK [2][-]{subsection.63}{\376\377\000B\000i\000o\000d\000i\000e\000s\000e\000l}{section.53}% 35
\BOOKMARK [1][-]{section.65}{\376\377\000T\000h\000e\000\040\000s\000i\000g\000n\000i\000f\000i\000c\000a\000n\000c\000e\000\040\000o\000f\000\040\000b\000i\000o\000d\000i\000e\000s\000e\000l\000\040\000a\000n\000d\000\040\000i\000t\000s\000\040\000q\000u\000a\000l\000i\000t\000y\000\040\000c\000o\000n\000t\000r\000o\000l\000.}{chapter.16}% 36
\BOOKMARK [1][-]{section.71}{\376\377\000C\000o\000n\000c\000l\000u\000s\000i\000o\000n\000:\000\040\000t\000h\000e\000\040\000r\000o\000l\000e\000\040\000o\000f\000\040\000c\000h\000r\000o\000m\000a\000t\000o\000g\000r\000a\000p\000h\000y\000.}{chapter.16}% 37
\BOOKMARK [0][-]{chapter.72}{\376\377\000I\000n\000t\000r\000o\000d\000u\000c\000t\000i\000o\000n\000:\000\040\000C\000a\000r\000b\000o\000n\000\040\000d\000i\000o\000x\000i\000d\000e\000\040\000a\000n\000d\000\040\000c\000h\000r\000o\000m\000a\000t\000o\000g\000r\000a\000p\000h\000y}{}% 38
\BOOKMARK [1][-]{section.73}{\376\377\000T\000h\000e\000\040\000c\000h\000e\000m\000i\000c\000a\000l\000\040\000i\000n\000d\000u\000s\000t\000r\000y}{chapter.72}% 39
\BOOKMARK [2][-]{subsection.75}{\376\377\000`\000`\000G\000r\000e\000e\000n\000\040\000c\000h\000e\000m\000i\000s\000t\000r\000y\000'\000'}{section.73}% 40
\BOOKMARK [2][-]{subsection.88}{\376\377\000C\000a\000r\000b\000o\000n\000\040\000d\000i\000o\000x\000i\000d\000e\000\040\000a\000s\000\040\000a\000\040\000g\000r\000e\000e\000n\000\040\000c\000h\000e\000m\000i\000c\000a\000l}{section.73}% 41
\BOOKMARK [1][-]{section.89}{\376\377\000E\000x\000t\000r\000a\000c\000t\000i\000o\000n\000s\000\040\000u\000s\000i\000n\000g\000\040\000c\000a\000r\000b\000o\000n\000\040\000d\000i\000o\000x\000i\000d\000e}{chapter.72}% 42
\BOOKMARK [2][-]{subsection.90}{\376\377\000C\000o\000m\000m\000e\000r\000c\000i\000a\000l\000\040\000e\000x\000t\000r\000a\000c\000t\000i\000o\000n\000s}{section.89}% 43
\BOOKMARK [3][-]{section*.91}{\376\377\000P\000l\000a\000n\000t\000\040\000o\000i\000l\000s}{subsection.90}% 44
\BOOKMARK [3][-]{section*.92}{\376\377\000H\000o\000p\000s}{subsection.90}% 45
\BOOKMARK [3][-]{section*.93}{\376\377\000C\000o\000f\000f\000e\000e}{subsection.90}% 46
\BOOKMARK [2][-]{subsection.95}{\376\377\000A\000n\000a\000l\000y\000t\000i\000c\000a\000l\000\040\000E\000x\000t\000r\000a\000c\000t\000i\000o\000n\000s}{section.89}% 47
\BOOKMARK [2][-]{subsection.96}{\376\377\000W\000h\000y\000\040\000c\000a\000r\000b\000o\000n\000\040\000d\000i\000o\000x\000d\000e\000?}{section.89}% 48
\BOOKMARK [3][-]{section*.98}{\376\377\000M\000o\000d\000i\000f\000i\000e\000r\000s}{subsection.96}% 49
\BOOKMARK [3][-]{section*.99}{\376\377\000P\000r\000a\000c\000t\000i\000c\000a\000l\000\040\000e\000x\000t\000r\000a\000c\000t\000i\000o\000n\000s}{subsection.96}% 50
\BOOKMARK [1][-]{section.101}{\376\377\000S\000u\000p\000e\000r\000c\000r\000i\000t\000i\000c\000a\000l\000\040\000F\000l\000u\000i\000d\000\040\000C\000h\000r\000o\000m\000a\000t\000o\000g\000r\000a\000p\000h\000y}{chapter.72}% 51
\BOOKMARK [2][-]{subsection.103}{\376\377\000S\000F\000C\000\040\000a\000n\000d\000\040\000F\000I\000D}{section.101}% 52
\BOOKMARK [2][-]{subsection.105}{\376\377\000S\000F\000C\000\327\000G\000C}{section.101}% 53
\BOOKMARK [0][-]{chapter.109}{\376\377\000B\000i\000o\000d\000i\000e\000s\000e\000l\000\040\000s\000t\000a\000n\000d\000a\000r\000d\000s}{}% 54
\BOOKMARK [1][-]{section.110}{\376\377\000I\000n\000t\000r\000o\000d\000u\000c\000t\000i\000o\000n\000\040\000t\000o\000\040\000s\000t\000a\000n\000d\000a\000r\000d\000s}{chapter.109}% 55
\BOOKMARK [1][-]{section.112}{\376\377\000S\000A\000N\000S\000\040\0001\0009\0003\0005\000:\000\040\000A\000n\000\040\000o\000v\000e\000r\000v\000i\000e\000w}{chapter.109}% 56
\BOOKMARK [1][-]{section.113}{\376\377\000S\000A\000N\000S\000\040\0001\0009\0003\0005\000:\000\040\000P\000r\000o\000p\000e\000r\000t\000i\000e\000s\000,\000\040\000r\000e\000q\000u\000i\000r\000e\000m\000e\000n\000t\000s\000\040\000a\000n\000d\000\040\000m\000e\000t\000h\000o\000d\000s\000.}{chapter.109}% 57
\BOOKMARK [1][-]{section.115}{\376\377\000S\000A\000N\000S\000\040\0001\0009\0003\0005\000:\000\040\000P\000h\000y\000s\000i\000c\000a\000l\000\040\000p\000r\000o\000p\000e\000r\000t\000i\000e\000s}{chapter.109}% 58
\BOOKMARK [2][-]{subsection.116}{\376\377\000D\000e\000n\000s\000i\000t\000y}{section.115}% 59
\BOOKMARK [2][-]{subsection.117}{\376\377\000K\000i\000n\000e\000m\000a\000t\000i\000c\000\040\000v\000i\000s\000c\000o\000s\000i\000t\000y}{section.115}% 60
\BOOKMARK [1][-]{section.118}{\376\377\000S\000A\000N\000S\000\040\0001\0009\0003\0005\000:\000\040\000A\000g\000g\000r\000e\000g\000a\000t\000e\000\040\000p\000r\000o\000p\000e\000r\000t\000i\000e\000s\000:\000\040\000S\000p\000e\000c\000i\000a\000l\000i\000z\000e\000d\000\040\000i\000n\000s\000t\000r\000u\000m\000e\000n\000t\000a\000t\000i\000o\000n}{chapter.109}% 61
\BOOKMARK [2][-]{subsection.119}{\376\377\000C\000e\000t\000a\000n\000e\000\040\000n\000u\000m\000b\000e\000r}{section.118}% 62
\BOOKMARK [2][-]{subsection.121}{\376\377\000F\000l\000a\000s\000h\000\040\000p\000o\000i\000n\000t}{section.118}% 63
\BOOKMARK [2][-]{subsection.122}{\376\377\000O\000x\000i\000d\000a\000t\000i\000o\000n\000\040\000s\000t\000a\000b\000i\000l\000i\000t\000y}{section.118}% 64
\BOOKMARK [2][-]{subsection.124}{\376\377\000C\000o\000l\000d\000\040\000f\000i\000l\000t\000e\000r\000\040\000p\000l\000u\000g\000g\000i\000n\000g\000\040\000p\000o\000i\000n\000t}{section.118}% 65
\BOOKMARK [2][-]{subsection.125}{\376\377\000C\000o\000p\000p\000e\000r\000\040\000s\000t\000r\000i\000p\000\040\000c\000o\000r\000r\000o\000s\000i\000o\000n}{section.118}% 66
\BOOKMARK [1][-]{section.126}{\376\377\000S\000A\000N\000S\000\040\0001\0009\0003\0005\000:\000\040\000C\000h\000e\000m\000i\000c\000a\000l\000\040\000p\000r\000o\000p\000e\000r\000t\000i\000e\000s\000:\000\040\000C\000l\000a\000s\000s\000i\000c\000a\000l\000\040\000d\000e\000t\000e\000r\000m\000i\000n\000a\000t\000i\000o\000n}{chapter.109}% 67
\BOOKMARK [2][-]{subsection.127}{\376\377\000S\000u\000l\000f\000a\000t\000e\000d\000\040\000a\000s\000h}{section.126}% 68
\BOOKMARK [2][-]{subsection.128}{\376\377\000C\000a\000r\000b\000o\000n\000\040\000r\000e\000s\000i\000d\000u\000e}{section.126}% 69
\BOOKMARK [2][-]{subsection.129}{\376\377\000T\000o\000t\000a\000l\000\040\000c\000o\000n\000t\000a\000m\000i\000n\000a\000t\000i\000o\000n}{section.126}% 70
\BOOKMARK [2][-]{subsection.130}{\376\377\000A\000c\000i\000d\000\040\000v\000a\000l\000u\000e}{section.126}% 71
\BOOKMARK [2][-]{subsection.131}{\376\377\000I\000o\000d\000i\000n\000e\000\040\000v\000a\000l\000u\000e}{section.126}% 72
\BOOKMARK [1][-]{section.132}{\376\377\000S\000A\000N\000S\000\040\0001\0009\0003\0005\000:\000\040\000C\000h\000e\000m\000i\000c\000a\000l\000\040\000p\000r\000o\000p\000e\000r\000t\000i\000e\000s\000:\000\040\000E\000l\000e\000c\000t\000r\000o\000c\000h\000e\000m\000i\000c\000a\000l\000\040\000d\000e\000t\000e\000r\000m\000i\000n\000a\000t\000i\000o\000n}{chapter.109}% 73
\BOOKMARK [2][-]{subsection.133}{\376\377\000W\000a\000t\000e\000r\000\040\000c\000o\000n\000t\000e\000n\000t\000.}{section.132}% 74
\BOOKMARK [1][-]{section.134}{\376\377\000S\000A\000N\000S\000\040\0001\0009\0003\0005\000:\000\040\000C\000h\000e\000m\000i\000c\000a\000l\000\040\000p\000r\000o\000p\000e\000r\000t\000i\000e\000s\000:\000\040\000S\000p\000e\000c\000t\000r\000o\000s\000c\000o\000p\000i\000c\000\040\000d\000e\000t\000e\000r\000m\000i\000n\000a\000t\000i\000o\000n}{chapter.109}% 75
\BOOKMARK [2][-]{subsection.135}{\376\377\000G\000r\000o\000u\000p\000\040\000I\000\040\000m\000e\000t\000a\000l\000s}{section.134}% 76
\BOOKMARK [2][-]{subsection.136}{\376\377\000G\000r\000o\000u\000p\000\040\000I\000I\000\040\000m\000e\000t\000a\000l\000s}{section.134}% 77
\BOOKMARK [2][-]{subsection.137}{\376\377\000P\000h\000o\000s\000p\000h\000o\000r\000u\000s}{section.134}% 78
\BOOKMARK [2][-]{subsection.138}{\376\377\000S\000u\000l\000f\000u\000r}{section.134}% 79
\BOOKMARK [1][-]{section.139}{\376\377\000S\000A\000N\000S\000\040\0001\0009\0003\0005\000:\000\040\000C\000h\000e\000m\000i\000c\000a\000l\000\040\000p\000r\000o\000p\000e\000r\000t\000i\000e\000s\000:\000\040\000C\000h\000r\000o\000m\000a\000t\000o\000g\000r\000a\000p\000h\000i\000c\000\040\000d\000e\000t\000e\000r\000m\000i\000n\000a\000t\000i\000o\000n}{chapter.109}% 80
\BOOKMARK [2][-]{subsection.140}{\376\377\000M\000e\000t\000h\000a\000n\000o\000l\000\040\000c\000o\000n\000t\000e\000n\000t}{section.139}% 81
\BOOKMARK [2][-]{subsection.141}{\376\377\000E\000s\000t\000e\000r\000\040\000c\000o\000n\000t\000e\000n\000t\000\040\000a\000n\000d\000\040\000L\000i\000n\000o\000l\000e\000n\000i\000c\000\040\000a\000c\000i\000d\000\040\000m\000e\000t\000h\000y\000l\000\040\000e\000s\000t\000e\000r\000\040\000c\000o\000n\000t\000e\000n\000t}{section.139}% 82
\BOOKMARK [2][-]{subsection.142}{\376\377\000G\000l\000y\000c\000e\000r\000i\000d\000e\000\040\000c\000o\000n\000t\000e\000n\000t}{section.139}% 83
\BOOKMARK [2][-]{subsection.144}{\376\377\000F\000r\000e\000e\000\040\000G\000l\000y\000c\000e\000r\000o\000l}{section.139}% 84
\BOOKMARK [2][-]{subsection.145}{\376\377\000P\000o\000l\000y\000u\000n\000s\000a\000t\000u\000r\000a\000t\000e\000d\000\040\000m\000e\000t\000h\000y\000l\000\040\000e\000s\000t\000e\000r\000s}{section.139}% 85
\BOOKMARK [3][-]{section*.146}{\376\377\000L\000i\000n\000o\000l\000e\000n\000i\000c\000\040\000a\000c\000i\000d\000\040\000m\000e\000t\000h\000y\000l\000\040\000e\000s\000t\000e\000r}{subsection.145}% 86
\BOOKMARK [3][-]{section*.147}{\376\377\000H\000i\000g\000h\000l\000y\000\040\000u\000n\000s\000a\000t\000u\000r\000a\000t\000e\000d\000\040\000f\000a\000t\000t\000y\000\040\000a\000c\000i\000d\000\040\000m\000e\000t\000h\000y\000l\000\040\000e\000s\000t\000e\000r\000s}{subsection.145}% 87
\BOOKMARK [2][-]{subsection.148}{\376\377\000C\000o\000n\000c\000l\000u\000s\000i\000o\000n\000:\000\040\000r\000o\000o\000m\000\040\000f\000o\000r\000\040\000i\000n\000n\000o\000v\000a\000t\000i\000o\000n\000.}{section.139}% 88
\BOOKMARK [0][-]{chapter.149}{\376\377\000I\000n\000s\000t\000r\000u\000m\000e\000n\000t\000a\000t\000i\000o\000n\000:\000\040\000S\000u\000p\000e\000r\000c\000r\000i\000t\000i\000c\000a\000l\000\040\000F\000l\000u\000i\000d\000\040\000C\000h\000r\000o\000m\000a\000t\000o\000g\000r\000a\000p\000h\000y}{}% 89
\BOOKMARK [1][-]{section.150}{\376\377\000S\000F\000C}{chapter.149}% 90
\BOOKMARK [1][-]{section.151}{\376\377\000M\000o\000b\000i\000l\000e\000\040\000p\000h\000a\000s\000e}{chapter.149}% 91
\BOOKMARK [1][-]{section.152}{\376\377\000P\000u\000m\000p}{chapter.149}% 92
\BOOKMARK [2][-]{subsection.154}{\376\377\000P\000r\000e\000s\000s\000u\000r\000e\000\040\000c\000o\000n\000t\000r\000o\000l\000\040\000s\000y\000s\000t\000e\000m}{section.152}% 93
\BOOKMARK [2][-]{subsection.156}{\376\377\000M\000o\000d\000i\000f\000i\000e\000r\000\040\000C\000o\000n\000t\000r\000o\000l}{section.152}% 94
\BOOKMARK [1][-]{section.158}{\376\377\000S\000a\000m\000p\000l\000e\000\040\000i\000n\000j\000e\000c\000t\000i\000o\000n}{chapter.149}% 95
\BOOKMARK [2][-]{subsection.160}{\376\377\000C\000o\000l\000u\000m\000n}{section.158}% 96
\BOOKMARK [2][-]{subsection.162}{\376\377\000S\000t\000o\000p\000p\000e\000d\000-\000f\000l\000o\000w}{section.158}% 97
\BOOKMARK [1][-]{section.164}{\376\377\000P\000r\000e\000s\000s\000u\000r\000e\000\040\000R\000e\000l\000i\000e\000f}{chapter.149}% 98
\BOOKMARK [1][-]{section.168}{\376\377\000D\000e\000t\000e\000c\000t\000o\000r}{chapter.149}% 99
\BOOKMARK [0][-]{chapter.169}{\376\377\000I\000n\000s\000t\000r\000u\000m\000e\000n\000t\000a\000t\000i\000o\000n\000:\000\040\000F\000a\000s\000t\000\040\000G\000C}{}% 100
\BOOKMARK [1][-]{section.170}{\376\377\000S\000p\000e\000e\000d\000\040\000o\000f\000\040\000a\000n\000a\000l\000y\000s\000i\000s}{chapter.169}% 101
\BOOKMARK [1][-]{section.171}{\376\377\000F\000a\000s\000t\000\040\000g\000a\000s\000\040\000c\000h\000r\000o\000m\000a\000t\000o\000g\000r\000a\000p\000h\000y\000\040\000t\000h\000e\000o\000r\000y}{chapter.169}% 102
\BOOKMARK [1][-]{section.174}{\376\377\000T\000e\000m\000p\000e\000r\000a\000t\000u\000r\000e\000\040\000p\000r\000o\000g\000r\000a\000m\000m\000i\000n\000g}{chapter.169}% 103
\BOOKMARK [1][-]{section.175}{\376\377\000T\000e\000m\000p\000e\000r\000a\000t\000u\000r\000e\000\040\000r\000a\000m\000p\000\040\000r\000a\000t\000e\000s}{chapter.169}% 104
\BOOKMARK [2][-]{subsection.177}{\376\377\000R\000e\000s\000i\000s\000t\000i\000v\000e\000\040\000h\000e\000a\000t\000i\000n\000g}{section.175}% 105
\BOOKMARK [1][-]{section.181}{\376\377\000C\000a\000l\000i\000b\000r\000a\000t\000i\000o\000n}{chapter.169}% 106
\BOOKMARK [2][-]{subsection.182}{\376\377\000T\000e\000m\000p\000e\000r\000a\000t\000u\000r\000e\000\040\000u\000n\000i\000f\000o\000r\000m\000i\000t\000y}{section.181}% 107
\BOOKMARK [3][-]{section*.183}{\376\377\000R\000e\000s\000i\000s\000t\000i\000v\000i\000t\000y\000'\000s\000\040\000d\000e\000p\000e\000n\000d\000e\000n\000c\000e\000\040\000o\000n\000\040\000t\000e\000m\000p\000e\000r\000a\000t\000u\000r\000e}{subsection.182}% 108
\BOOKMARK [3][-]{section*.184}{\376\377\000T\000h\000e\000r\000m\000a\000l\000\040\000c\000o\000n\000d\000u\000c\000t\000i\000o\000n}{subsection.182}% 109
\BOOKMARK [3][-]{section*.185}{\376\377\000R\000a\000d\000i\000a\000t\000i\000o\000n}{subsection.182}% 110
\BOOKMARK [3][-]{section*.187}{\376\377\000C\000o\000n\000v\000e\000c\000t\000i\000o\000n}{subsection.182}% 111
\BOOKMARK [3][-]{section*.188}{\376\377\000E\000x\000a\000m\000i\000n\000i\000n\000g\000\040\000t\000h\000e\000r\000m\000a\000l\000\040\000u\000n\000i\000f\000o\000r\000m\000i\000t\000y\000\040\000b\000y\000\040\000i\000m\000a\000g\000i\000n\000g}{subsection.182}% 112
\BOOKMARK [2][-]{subsection.191}{\376\377\000T\000e\000m\000p\000e\000r\000a\000t\000u\000r\000e\000\040\000c\000a\000l\000i\000b\000r\000a\000t\000i\000o\000n}{section.181}% 113
\BOOKMARK [2][-]{subsection.192}{\376\377\000T\000h\000e\000r\000m\000o\000c\000o\000u\000p\000l\000e\000\040\000W\000e\000l\000d\000i\000n\000g}{section.181}% 114
\BOOKMARK [2][-]{subsection.196}{\376\377\000T\000h\000e\000r\000m\000o\000c\000o\000u\000p\000l\000e\000\040\000p\000r\000o\000b\000e\000\040\000c\000o\000n\000s\000t\000r\000u\000c\000t\000i\000o\000n}{section.181}% 115
\BOOKMARK [2][-]{subsection.198}{\376\377\000T\000h\000e\000r\000m\000o\000c\000o\000u\000p\000l\000e\000\040\000i\000n\000t\000e\000r\000f\000a\000c\000i\000n\000g}{section.181}% 116
\BOOKMARK [2][-]{subsection.199}{\376\377\000C\000a\000l\000i\000b\000r\000a\000t\000i\000o\000n\000\040\000p\000r\000o\000c\000e\000d\000u\000r\000e}{section.181}% 117
\BOOKMARK [2][-]{subsection.202}{\376\377\000C\000o\000l\000d\000\040\000s\000p\000o\000t\000s}{section.181}% 118
\BOOKMARK [2][-]{subsection.203}{\376\377\000C\000o\000l\000d\000\040\000c\000o\000l\000u\000m\000n}{section.181}% 119
\BOOKMARK [3][-]{section*.206}{\376\377\000C\000r\000y\000o\000g\000e\000n\000\040\000s\000u\000p\000p\000l\000y}{subsection.203}% 120
\BOOKMARK [2][-]{subsection.208}{\376\377\000C\000o\000l\000u\000m\000n\000\040\000m\000o\000u\000n\000t\000i\000n\000g}{section.181}% 121
\BOOKMARK [2][-]{subsection.213}{\376\377\000H\000e\000a\000t\000i\000n\000g\000\040\000c\000o\000n\000t\000r\000o\000l}{section.181}% 122
\BOOKMARK [3][-]{section*.214}{\376\377\000T\000e\000m\000p\000e\000r\000a\000t\000u\000r\000e\000\040\000m\000o\000n\000i\000t\000o\000r\000i\000n\000g}{subsection.213}% 123
\BOOKMARK [3][-]{section*.215}{\376\377\000P\000I\000D\000\040\000t\000u\000n\000i\000n\000g}{subsection.213}% 124
\BOOKMARK [3][-]{section*.217}{\376\377\000H\000e\000a\000t\000i\000n\000g\000\040\000r\000a\000t\000e\000s}{subsection.213}% 125
\BOOKMARK [3][-]{section*.219}{\376\377\000C\000o\000o\000l\000i\000n\000g\000\040\000r\000a\000t\000e\000s}{subsection.213}% 126
\BOOKMARK [1][-]{section.220}{\376\377\000D\000e\000t\000e\000c\000t\000o\000r}{chapter.169}% 127
\BOOKMARK [1][-]{section.221}{\376\377\000D\000a\000t\000a\000\040\000a\000c\000q\000u\000i\000s\000i\000t\000i\000o\000n\000\040\000a\000n\000d\000\040\000c\000o\000n\000t\000r\000o\000l\000\040\000s\000o\000f\000t\000w\000a\000r\000e}{chapter.169}% 128
\BOOKMARK [1][-]{section.223}{\376\377\000D\000a\000t\000a\000\040\000s\000t\000r\000u\000c\000t\000u\000r\000e}{chapter.169}% 129
\BOOKMARK [1][-]{section.224}{\376\377\000D\000a\000t\000a\000\040\000v\000i\000s\000u\000a\000l\000i\000z\000a\000t\000i\000o\000n}{chapter.169}% 130
\BOOKMARK [0][-]{chapter.228}{\376\377\000I\000n\000v\000e\000s\000t\000i\000g\000a\000t\000i\000n\000g\000\040\000b\000i\000o\000d\000i\000e\000s\000e\000l\000\040\000f\000e\000e\000d\000s\000t\000o\000c\000k\000\040\000b\000y\000\040\000S\000F\000C\000\327\000G\000C}{}% 131
\BOOKMARK [1][-]{section.230}{\376\377\000I\000n\000t\000r\000o\000d\000u\000c\000t\000i\000o\000n}{chapter.228}% 132
\BOOKMARK [1][-]{section.233}{\376\377\000S\000F\000C\000\040\000o\000f\000\040\000F\000A\000M\000E\000s}{chapter.228}% 133
\BOOKMARK [1][-]{section.236}{\376\377\000B\000e\000n\000e\000f\000i\000t\000s\000\040\000o\000f\000\040\000f\000a\000s\000t\000\040\000G\000C}{chapter.228}% 134
\BOOKMARK [2][-]{subsection.240}{\376\377\000G\000C\000\040\000R\000e\000t\000e\000n\000t\000i\000o\000n\000\040\000t\000i\000m\000e\000\040\000p\000r\000e\000c\000i\000s\000i\000o\000n}{section.236}% 135
\BOOKMARK [1][-]{section.242}{\376\377\000E\000x\000p\000e\000r\000i\000m\000e\000n\000t\000a\000l}{chapter.228}% 136
\BOOKMARK [2][-]{subsection.243}{\376\377\000S\000a\000m\000p\000l\000e\000s}{section.242}% 137
\BOOKMARK [2][-]{subsection.245}{\376\377\000S\000a\000m\000p\000l\000e\000\040\000p\000r\000e\000p\000a\000r\000a\000t\000i\000o\000n}{section.242}% 138
\BOOKMARK [2][-]{subsection.246}{\376\377\000M\000e\000t\000h\000o\000d}{section.242}% 139
\BOOKMARK [2][-]{subsection.255}{\376\377\000S\000F\000C}{section.242}% 140
\BOOKMARK [2][-]{subsection.258}{\376\377\000G\000C}{section.242}% 141
\BOOKMARK [0][-]{chapter.276}{\376\377\000A\000p\000p\000l\000i\000c\000a\000t\000i\000o\000n\000:\000\040\000M\000o\000d\000i\000f\000i\000e\000d\000\040\000S\000F\000C}{}% 142
\BOOKMARK [1][-]{section.277}{\376\377\000I\000n\000t\000r\000o\000d\000u\000c\000t\000i\000o\000n}{chapter.276}% 143
\BOOKMARK [2][-]{subsection.278}{\376\377\000S\000u\000b\000s\000e\000c\000t\000i\000o\000n\000\040\0001}{section.277}% 144
\BOOKMARK [2][-]{subsection.279}{\376\377\000S\000u\000b\000s\000e\000c\000t\000i\000o\000n\000\040\0002}{section.277}% 145
\BOOKMARK [1][-]{section.280}{\376\377\000M\000a\000i\000n\000\040\000S\000e\000c\000t\000i\000o\000n\000\040\0002}{chapter.276}% 146
\BOOKMARK [0][-]{chapter.281}{\376\377\000C\000o\000n\000c\000l\000u\000s\000i\000o\000n}{}% 147
\BOOKMARK [1][-]{section.282}{\376\377\000G\000e\000n\000e\000r\000a\000l}{chapter.281}% 148
\BOOKMARK [1][-]{section.283}{\376\377\000S\000u\000g\000g\000e\000s\000t\000e\000d\000\040\000d\000e\000s\000i\000g\000n\000\040\000i\000m\000p\000r\000o\000v\000e\000m\000e\000n\000t\000s}{chapter.281}% 149
\BOOKMARK [2][-]{subsection.284}{\376\377\000F\000o\000u\000r\000-\000w\000i\000r\000e\000\040\000r\000e\000s\000i\000s\000t\000a\000n\000c\000e\000\040\000m\000e\000a\000s\000u\000r\000e\000m\000e\000n\000t}{section.283}% 150
\BOOKMARK [2][-]{subsection.285}{\376\377\000L\000e\000g\000s\000\040\000h\000e\000a\000t\000i\000n\000g\000\040\000a\000n\000d\000\040\000c\000o\000o\000l\000i\000n\000g\000\040\000i\000n\000t\000e\000g\000r\000a\000t\000e\000d\000\040\000i\000n\000\040\000d\000e\000t\000e\000c\000t\000o\000r\000\040\000a\000n\000d\000\040\000i\000n\000l\000e\000t}{section.283}% 151
\BOOKMARK [2][-]{subsection.286}{\376\377\000S\000i\000l\000t\000e\000k\000-\000t\000r\000e\000a\000t\000e\000d\000\040\000c\000o\000a\000x\000i\000a\000l\000\040\000h\000e\000a\000t\000e\000r}{section.283}% 152
\BOOKMARK [2][-]{subsection.287}{\376\377\000S\000u\000b\000s\000e\000c\000t\000i\000o\000n\000\040\0001}{section.283}% 153
\BOOKMARK [2][-]{subsection.288}{\376\377\000S\000u\000b\000s\000e\000c\000t\000i\000o\000n\000\040\0002}{section.283}% 154
\BOOKMARK [1][-]{section.289}{\376\377\000M\000a\000i\000n\000\040\000S\000e\000c\000t\000i\000o\000n\000\040\0002}{chapter.281}% 155
\BOOKMARK [0][-]{chapter*.290}{\376\377\000B\000i\000b\000l\000i\000o\000g\000r\000a\000p\000h\000y}{}% 156
